0 info it worked if it ends with ok
1 verbose cli [ '/usr/local/Cellar/node/5.1.0/bin/node',
1 verbose cli   '/usr/local/bin/npm',
1 verbose cli   'install',
1 verbose cli   'sessions' ]
2 info using npm@3.3.12
3 info using node@v5.1.0
4 silly loadCurrentTree Starting
5 silly install loadCurrentTree
6 silly install readLocalPackageData
7 silly fetchPackageMetaData sessions
8 silly fetchNamedPackageData sessions
9 silly mapToRegistry name sessions
10 silly mapToRegistry using default registry
11 silly mapToRegistry registry https://registry.npmjs.org/
12 silly mapToRegistry uri https://registry.npmjs.org/sessions
13 verbose request uri https://registry.npmjs.org/sessions
14 verbose request no auth needed
15 info attempt registry request try #1 at 11:10:05 AM
16 verbose request id 229954e2e2ec5cf8
17 verbose etag "D05VTZ8DFD6Q9TH3YDAJ7E8TL"
18 http request GET https://registry.npmjs.org/sessions
19 http 304 https://registry.npmjs.org/sessions
20 verbose headers { date: 'Thu, 10 Dec 2015 16:10:03 GMT',
20 verbose headers   via: '1.1 varnish',
20 verbose headers   'cache-control': 'max-age=60',
20 verbose headers   etag: '"D05VTZ8DFD6Q9TH3YDAJ7E8TL"',
20 verbose headers   age: '17',
20 verbose headers   connection: 'keep-alive',
20 verbose headers   'x-served-by': 'cache-sjc3123-SJC',
20 verbose headers   'x-cache': 'HIT',
20 verbose headers   'x-cache-hits': '1',
20 verbose headers   'x-timer': 'S1449763803.993105,VS0,VE0',
20 verbose headers   vary: 'Accept' }
21 silly get cb [ 304,
21 silly get   { date: 'Thu, 10 Dec 2015 16:10:03 GMT',
21 silly get     via: '1.1 varnish',
21 silly get     'cache-control': 'max-age=60',
21 silly get     etag: '"D05VTZ8DFD6Q9TH3YDAJ7E8TL"',
21 silly get     age: '17',
21 silly get     connection: 'keep-alive',
21 silly get     'x-served-by': 'cache-sjc3123-SJC',
21 silly get     'x-cache': 'HIT',
21 silly get     'x-cache-hits': '1',
21 silly get     'x-timer': 'S1449763803.993105,VS0,VE0',
21 silly get     vary: 'Accept' } ]
22 verbose etag https://registry.npmjs.org/sessions from cache
23 verbose get saving sessions to /Users/Ao/.npm/registry.npmjs.org/sessions/.cache.json
24 silly install normalizeTree
25 silly loadCurrentTree Finishing
26 silly loadIdealTree Starting
27 silly install loadIdealTree
28 silly cloneCurrentTree Starting
29 silly install cloneCurrentTreeToIdealTree
30 silly cloneCurrentTree Finishing
31 silly loadShrinkwrap Starting
32 silly install loadShrinkwrap
33 silly loadShrinkwrap Finishing
34 silly loadAllDepsIntoIdealTree Starting
35 silly install loadAllDepsIntoIdealTree
36 silly resolveWithNewModule sessions@0.0.1 checking installable status
37 silly cache add args [ 'sessions', null ]
38 verbose cache add spec sessions
39 silly cache add parsed spec Result {
39 silly cache add   raw: 'sessions',
39 silly cache add   scope: null,
39 silly cache add   name: 'sessions',
39 silly cache add   rawSpec: '',
39 silly cache add   spec: '*',
39 silly cache add   type: 'range' }
40 silly addNamed sessions@*
41 verbose addNamed "*" is a valid semver range for sessions
42 silly addNameRange { name: 'sessions', range: '*', hasData: false }
43 silly mapToRegistry name sessions
44 silly mapToRegistry using default registry
45 silly mapToRegistry registry https://registry.npmjs.org/
46 silly mapToRegistry uri https://registry.npmjs.org/sessions
47 verbose addNameRange registry:https://registry.npmjs.org/sessions not in flight; fetching
48 verbose get https://registry.npmjs.org/sessions not expired, no request
49 silly addNameRange number 2 { name: 'sessions', range: '*', hasData: true }
50 silly addNameRange versions [ 'sessions',
50 silly addNameRange   [ '0.0.1',
50 silly addNameRange     '0.0.2',
50 silly addNameRange     '0.0.2-1',
50 silly addNameRange     '0.0.2-2',
50 silly addNameRange     '0.0.2-3',
50 silly addNameRange     '0.0.2-4',
50 silly addNameRange     '0.0.2-5',
50 silly addNameRange     '0.0.2-6',
50 silly addNameRange     '0.0.2-7' ] ]
51 silly addNamed sessions@0.0.2
52 verbose addNamed "0.0.2" is a plain semver version for sessions
53 silly cache afterAdd sessions@0.0.2
54 verbose afterAdd /Users/Ao/.npm/sessions/0.0.2/package/package.json not in flight; writing
55 verbose afterAdd /Users/Ao/.npm/sessions/0.0.2/package/package.json written
56 silly rollbackFailedOptional Starting
57 silly rollbackFailedOptional Finishing
58 silly runTopLevelLifecycles Starting
59 silly runTopLevelLifecycles Finishing
60 silly install printInstalled
61 verbose stack Error: Error extracting /Users/Ao/.npm/sessions/0.0.1/package.tgz archive: ENOENT: no such file or directory, open '/Users/Ao/.npm/sessions/0.0.1/package.tgz'
61 verbose stack     at ReadStream.<anonymous> (/usr/local/lib/node_modules/npm/lib/fetch-package-metadata.js:286:10)
61 verbose stack     at emitOne (events.js:77:13)
61 verbose stack     at ReadStream.emit (events.js:169:7)
61 verbose stack     at /usr/local/lib/node_modules/npm/node_modules/graceful-fs/graceful-fs.js:179:14
61 verbose stack     at /usr/local/lib/node_modules/npm/node_modules/graceful-fs/graceful-fs.js:230:16
61 verbose stack     at FSReqWrap.oncomplete (fs.js:82:15)
62 verbose cwd /Users/Ao/wdi/projects/SwoleMate
63 error Darwin 15.0.0
64 error argv "/usr/local/Cellar/node/5.1.0/bin/node" "/usr/local/bin/npm" "install" "sessions"
65 error node v5.1.0
66 error npm  v3.3.12
67 error code EREADFILE
68 error Error extracting /Users/Ao/.npm/sessions/0.0.1/package.tgz archive: ENOENT: no such file or directory, open '/Users/Ao/.npm/sessions/0.0.1/package.tgz'
69 error If you need help, you may report this error at:
69 error     <https://github.com/npm/npm/issues>
70 verbose exit [ 1, true ]
